[debug] [2019-06-17T19:41:38.578Z] ----------------------------------------------------------------------
[debug] [2019-06-17T19:41:38.580Z] Command:       /usr/local/bin/node /usr/local/bin/firebase deploy
[debug] [2019-06-17T19:41:38.580Z] CLI Version:   7.0.0
[debug] [2019-06-17T19:41:38.581Z] Platform:      darwin
[debug] [2019-06-17T19:41:38.581Z] Node Version:  v8.12.0
[debug] [2019-06-17T19:41:38.581Z] Time:          Mon Jun 17 2019 15:41:38 GMT-0400 (EDT)
[debug] [2019-06-17T19:41:38.581Z] ----------------------------------------------------------------------
[debug] 
[debug] [2019-06-17T19:41:38.592Z] > command requires scopes: ["email","openid","https://www.googleapis.com/auth/cloudplatformprojects.readonly","https://www.googleapis.com/auth/firebase","https://www.googleapis.com/auth/cloud-platform"]
[debug] [2019-06-17T19:41:38.593Z] > authorizing via signed-in user
[debug] [2019-06-17T19:41:38.593Z] [iam] checking project skylar-social-17190 for permissions ["datastore.indexes.create","datastore.indexes.delete","datastore.indexes.list","datastore.indexes.update","firebase.projects.get","firebasehosting.sites.update","firebaserules.releases.create","firebaserules.releases.update","firebaserules.rulesets.create"]
[debug] [2019-06-17T19:41:38.595Z] >>> HTTP REQUEST POST https://cloudresourcemanager.googleapis.com/v1/projects/skylar-social-17190:testIamPermissions  

[debug] [2019-06-17T19:41:41.097Z] <<< HTTP RESPONSE 200
[debug] [2019-06-17T19:41:41.100Z] >>> HTTP REQUEST GET https://firebase.googleapis.com/v1beta1/projects/skylar-social-17190  
 
[debug] [2019-06-17T19:41:42.472Z] <<< HTTP RESPONSE 200
[info] 
[info] === Deploying to 'skylar-social-17190'...
[info] 
[info] i  deploying storage, firestore, hosting
[debug] [2019-06-17T19:41:42.475Z] >>> HTTP REQUEST GET https://appengine.googleapis.com/v1/apps/skylar-social-17190  
 
[debug] [2019-06-17T19:41:44.328Z] <<< HTTP RESPONSE 200
[info] i  storage: checking storage.rules for compilation errors...
[debug] [2019-06-17T19:41:44.330Z] >>> HTTP REQUEST POST https://firebaserules.googleapis.com/v1/projects/skylar-social-17190:test  

[debug] [2019-06-17T19:41:45.950Z] <<< HTTP RESPONSE 200
[info] ✔  storage: rules file storage.rules compiled successfully
[info] i  firestore: checking firestore.rules for compilation errors...
[info] i  firestore: reading indexes from firestore.indexes.json...
[debug] [2019-06-17T19:41:45.953Z] >>> HTTP REQUEST POST https://firebaserules.googleapis.com/v1/projects/skylar-social-17190:test  

[debug] [2019-06-17T19:41:47.055Z] <<< HTTP RESPONSE 200
[info] ✔  firestore: rules file firestore.rules compiled successfully
[debug] [2019-06-17T19:41:47.057Z] >>> HTTP REQUEST POST https://firebasehosting.googleapis.com/v1beta1/sites/skylar-social-17190/versions  

[debug] [2019-06-17T19:41:58.812Z] <<< HTTP RESPONSE 503
[debug] [2019-06-17T19:41:58.812Z] <<< HTTP RESPONSE BODY
[error] 
[error] Error: HTTP Error: 503, The service is currently unavailable.
[debug] [2019-06-17T19:41:59.944Z] Error Context: {
  "body": {
    "error": {
      "code": 503,
      "message": "The service is currently unavailable.",
      "status": "UNAVAILABLE"
    }
  },
  "response": {
    "statusCode": 503,
    "body": {
      "error": {
        "code": 503,
        "message": "The service is currently unavailable.",
        "status": "UNAVAILABLE"
      }
    },
    "headers": {
      "vary": "X-Origin, Referer, Origin,Accept-Encoding",
      "content-type": "application/json; charset=UTF-8",
      "date": "Mon, 17 Jun 2019 19:41:58 GMT",
      "server": "ESF",
      "cache-control": "private",
      "x-xss-protection": "0",
      "x-frame-options": "SAMEORIGIN",
      "x-content-type-options": "nosniff",
      "alt-svc": "quic=\":443\"; ma=2592000; v=\"46,44,43,39\"",
      "accept-ranges": "none",
      "transfer-encoding": "chunked"
    },
    "request": {
      "uri": {
        "protocol": "https:",
        "slashes": true,
        "auth": null,
        "host": "firebasehosting.googleapis.com",
        "port": 443,
        "hostname": "firebasehosting.googleapis.com",
        "hash": null,
        "search": null,
        "query": null,
        "pathname": "/v1beta1/sites/skylar-social-17190/versions",
        "path": "/v1beta1/sites/skylar-social-17190/versions",
        "href": "https://firebasehosting.googleapis.com/v1beta1/sites/skylar-social-17190/versions"
      },
      "method": "POST"
    }
  }
}
